[debug] [2020-08-09T06:59:05.835Z] ----------------------------------------------------------------------
[debug] [2020-08-09T06:59:05.847Z] Command:       C:\Program Files\nodejs\node.exe C:\Users\Ran\AppData\Roaming\npm\node_modules\firebase-tools\lib\bin\firebase.js init
[debug] [2020-08-09T06:59:05.847Z] CLI Version:   8.7.0
[debug] [2020-08-09T06:59:05.847Z] Platform:      win32
[debug] [2020-08-09T06:59:05.847Z] Node Version:  v12.14.1
[debug] [2020-08-09T06:59:05.934Z] Time:          Sun Aug 09 2020 12:29:05 GMT+0530 (India Standard Time)
[debug] [2020-08-09T06:59:05.934Z] ----------------------------------------------------------------------
[debug] [2020-08-09T06:59:05.935Z] 
[debug] [2020-08-09T06:59:05.964Z] > command requires scopes: ["email","openid","https://www.googleapis.com/auth/cloudplatformprojects.readonly","https://www.googleapis.com/auth/firebase","https://www.googleapis.com/auth/cloud-platform"]
[debug] [2020-08-09T06:59:05.965Z] > authorizing via signed-in user
[info] 
     ######## #### ########  ######## ########     ###     ######  ########
     ##        ##  ##     ## ##       ##     ##  ##   ##  ##       ##
     ######    ##  ########  ######   ########  #########  ######  ######
     ##        ##  ##    ##  ##       ##     ## ##     ##       ## ##
     ##       #### ##     ## ######## ########  ##     ##  ######  ########

You're about to initialize a Firebase project in this directory:

  C:\Users\Ran\Desktop\portfolio

Before we get started, keep in mind:

  * You are initializing in an existing Firebase project directory

